2021-11-12T13:23:07+00:00 CRITICAL Uncaught Error: Call to a member function get() on null in /home/675386.cloudwaysapps.com/qvbwwywcgw/public_html/wp-content/plugins/woocommerce/includes/class-wc-cart-session.php:73
Stack trace:
#0 /home/675386.cloudwaysapps.com/qvbwwywcgw/public_html/wp-content/plugins/woocommerce/includes/class-wc-cart.php(602): WC_Cart_Session->get_cart_from_session()
#1 /home/675386.cloudwaysapps.com/qvbwwywcgw/public_html/wp-content/plugins/beeketing-for-woocommerce/src/Platforms/WooCommerce/Data/CartManager.php(61): WC_Cart->get_cart()
#2 /home/675386.cloudwaysapps.com/qvbwwywcgw/public_html/wp-content/plugins/beeketing-for-woocommerce/src/Platforms/WooCommerce/Plugin/Hooks.php(413): BeeketingConnect_beeketing_woocommerce\Platforms\WooCommerce\Data\CartManager->get(false)
#3 /home/675386.cloudwaysapps.com/qvbwwywcgw/public_html/wp-content/plugins/beeketing-for-woocommerce/src/Platforms/WooCommerce/Plugin/Hooks.php(389): BeeketingConnect_beeketing_woocommerce\Platforms\WooCommerce\Plugin\Hooks->getPageSnippet()
#4 /home/ in /home/675386.cloudwaysapps.com/qvbwwywcgw/public_html/wp-content/plugins/woocommerce/includes/class-wc-cart-session.php on line 73

2021-11-12T13:23:14+00:00 CRITICAL Uncaught Error: Call to a member function get() on null in /home/675386.cloudwaysapps.com/qvbwwywcgw/public_html/wp-content/plugins/woocommerce/includes/class-wc-cart-session.php:73
Stack trace:
#0 /home/675386.cloudwaysapps.com/qvbwwywcgw/public_html/wp-content/plugins/woocommerce/includes/class-wc-cart.php(602): WC_Cart_Session->get_cart_from_session()
#1 /home/675386.cloudwaysapps.com/qvbwwywcgw/public_html/wp-content/plugins/beeketing-for-woocommerce/src/Platforms/WooCommerce/Data/CartManager.php(61): WC_Cart->get_cart()
#2 /home/675386.cloudwaysapps.com/qvbwwywcgw/public_html/wp-content/plugins/beeketing-for-woocommerce/src/Platforms/WooCommerce/Plugin/Hooks.php(413): BeeketingConnect_beeketing_woocommerce\Platforms\WooCommerce\Data\CartManager->get(false)
#3 /home/675386.cloudwaysapps.com/qvbwwywcgw/public_html/wp-content/plugins/beeketing-for-woocommerce/src/Platforms/WooCommerce/Plugin/Hooks.php(389): BeeketingConnect_beeketing_woocommerce\Platforms\WooCommerce\Plugin\Hooks->getPageSnippet()
#4 /home/ in /home/675386.cloudwaysapps.com/qvbwwywcgw/public_html/wp-content/plugins/woocommerce/includes/class-wc-cart-session.php on line 73

2021-11-12T13:23:35+00:00 CRITICAL Uncaught Error: Call to a member function get() on null in /home/675386.cloudwaysapps.com/qvbwwywcgw/public_html/wp-content/plugins/woocommerce/includes/class-wc-cart-session.php:73
Stack trace:
#0 /home/675386.cloudwaysapps.com/qvbwwywcgw/public_html/wp-content/plugins/woocommerce/includes/class-wc-cart.php(602): WC_Cart_Session->get_cart_from_session()
#1 /home/675386.cloudwaysapps.com/qvbwwywcgw/public_html/wp-content/plugins/beeketing-for-woocommerce/src/Platforms/WooCommerce/Data/CartManager.php(61): WC_Cart->get_cart()
#2 /home/675386.cloudwaysapps.com/qvbwwywcgw/public_html/wp-content/plugins/beeketing-for-woocommerce/src/Platforms/WooCommerce/Plugin/Hooks.php(413): BeeketingConnect_beeketing_woocommerce\Platforms\WooCommerce\Data\CartManager->get(false)
#3 /home/675386.cloudwaysapps.com/qvbwwywcgw/public_html/wp-content/plugins/beeketing-for-woocommerce/src/Platforms/WooCommerce/Plugin/Hooks.php(389): BeeketingConnect_beeketing_woocommerce\Platforms\WooCommerce\Plugin\Hooks->getPageSnippet()
#4 /home/ in /home/675386.cloudwaysapps.com/qvbwwywcgw/public_html/wp-content/plugins/woocommerce/includes/class-wc-cart-session.php on line 73

2021-11-12T13:24:02+00:00 CRITICAL Uncaught Error: Call to a member function get() on null in /home/675386.cloudwaysapps.com/qvbwwywcgw/public_html/wp-content/plugins/woocommerce/includes/class-wc-cart-session.php:73
Stack trace:
#0 /home/675386.cloudwaysapps.com/qvbwwywcgw/public_html/wp-content/plugins/woocommerce/includes/class-wc-cart.php(602): WC_Cart_Session->get_cart_from_session()
#1 /home/675386.cloudwaysapps.com/qvbwwywcgw/public_html/wp-content/plugins/beeketing-for-woocommerce/src/Platforms/WooCommerce/Data/CartManager.php(61): WC_Cart->get_cart()
#2 /home/675386.cloudwaysapps.com/qvbwwywcgw/public_html/wp-content/plugins/beeketing-for-woocommerce/src/Platforms/WooCommerce/Plugin/Hooks.php(413): BeeketingConnect_beeketing_woocommerce\Platforms\WooCommerce\Data\CartManager->get(false)
#3 /home/675386.cloudwaysapps.com/qvbwwywcgw/public_html/wp-content/plugins/beeketing-for-woocommerce/src/Platforms/WooCommerce/Plugin/Hooks.php(389): BeeketingConnect_beeketing_woocommerce\Platforms\WooCommerce\Plugin\Hooks->getPageSnippet()
#4 /home/ in /home/675386.cloudwaysapps.com/qvbwwywcgw/public_html/wp-content/plugins/woocommerce/includes/class-wc-cart-session.php on line 73

2021-11-12T13:24:12+00:00 CRITICAL Uncaught Error: Call to a member function get() on null in /home/675386.cloudwaysapps.com/qvbwwywcgw/public_html/wp-content/plugins/woocommerce/includes/class-wc-cart-session.php:73
Stack trace:
#0 /home/675386.cloudwaysapps.com/qvbwwywcgw/public_html/wp-content/plugins/woocommerce/includes/class-wc-cart.php(602): WC_Cart_Session->get_cart_from_session()
#1 /home/675386.cloudwaysapps.com/qvbwwywcgw/public_html/wp-content/plugins/beeketing-for-woocommerce/src/Platforms/WooCommerce/Data/CartManager.php(61): WC_Cart->get_cart()
#2 /home/675386.cloudwaysapps.com/qvbwwywcgw/public_html/wp-content/plugins/beeketing-for-woocommerce/src/Platforms/WooCommerce/Plugin/Hooks.php(413): BeeketingConnect_beeketing_woocommerce\Platforms\WooCommerce\Data\CartManager->get(false)
#3 /home/675386.cloudwaysapps.com/qvbwwywcgw/public_html/wp-content/plugins/beeketing-for-woocommerce/src/Platforms/WooCommerce/Plugin/Hooks.php(389): BeeketingConnect_beeketing_woocommerce\Platforms\WooCommerce\Plugin\Hooks->getPageSnippet()
#4 /home/ in /home/675386.cloudwaysapps.com/qvbwwywcgw/public_html/wp-content/plugins/woocommerce/includes/class-wc-cart-session.php on line 73

2021-11-12T13:24:59+00:00 CRITICAL Uncaught Error: Call to a member function get() on null in /home/675386.cloudwaysapps.com/qvbwwywcgw/public_html/wp-content/plugins/woocommerce/includes/class-wc-cart-session.php:73
Stack trace:
#0 /home/675386.cloudwaysapps.com/qvbwwywcgw/public_html/wp-content/plugins/woocommerce/includes/class-wc-cart.php(602): WC_Cart_Session->get_cart_from_session()
#1 /home/675386.cloudwaysapps.com/qvbwwywcgw/public_html/wp-content/plugins/beeketing-for-woocommerce/src/Platforms/WooCommerce/Data/CartManager.php(61): WC_Cart->get_cart()
#2 /home/675386.cloudwaysapps.com/qvbwwywcgw/public_html/wp-content/plugins/beeketing-for-woocommerce/src/Platforms/WooCommerce/Plugin/Hooks.php(413): BeeketingConnect_beeketing_woocommerce\Platforms\WooCommerce\Data\CartManager->get(false)
#3 /home/675386.cloudwaysapps.com/qvbwwywcgw/public_html/wp-content/plugins/beeketing-for-woocommerce/src/Platforms/WooCommerce/Plugin/Hooks.php(389): BeeketingConnect_beeketing_woocommerce\Platforms\WooCommerce\Plugin\Hooks->getPageSnippet()
#4 /home/ in /home/675386.cloudwaysapps.com/qvbwwywcgw/public_html/wp-content/plugins/woocommerce/includes/class-wc-cart-session.php on line 73

2021-11-12T13:26:22+00:00 CRITICAL Uncaught Error: Call to a member function get() on null in /home/675386.cloudwaysapps.com/qvbwwywcgw/public_html/wp-content/plugins/woocommerce/includes/class-wc-cart-session.php:73
Stack trace:
#0 /home/675386.cloudwaysapps.com/qvbwwywcgw/public_html/wp-content/plugins/woocommerce/includes/class-wc-cart.php(602): WC_Cart_Session->get_cart_from_session()
#1 /home/675386.cloudwaysapps.com/qvbwwywcgw/public_html/wp-content/plugins/beeketing-for-woocommerce/src/Platforms/WooCommerce/Data/CartManager.php(61): WC_Cart->get_cart()
#2 /home/675386.cloudwaysapps.com/qvbwwywcgw/public_html/wp-content/plugins/beeketing-for-woocommerce/src/Platforms/WooCommerce/Plugin/Hooks.php(413): BeeketingConnect_beeketing_woocommerce\Platforms\WooCommerce\Data\CartManager->get(false)
#3 /home/675386.cloudwaysapps.com/qvbwwywcgw/public_html/wp-content/plugins/beeketing-for-woocommerce/src/Platforms/WooCommerce/Plugin/Hooks.php(389): BeeketingConnect_beeketing_woocommerce\Platforms\WooCommerce\Plugin\Hooks->getPageSnippet()
#4 /home/ in /home/675386.cloudwaysapps.com/qvbwwywcgw/public_html/wp-content/plugins/woocommerce/includes/class-wc-cart-session.php on line 73

2021-11-12T13:26:23+00:00 CRITICAL Uncaught Error: Call to a member function get() on null in /home/675386.cloudwaysapps.com/qvbwwywcgw/public_html/wp-content/plugins/woocommerce/includes/class-wc-cart-session.php:73
Stack trace:
#0 /home/675386.cloudwaysapps.com/qvbwwywcgw/public_html/wp-content/plugins/woocommerce/includes/class-wc-cart.php(602): WC_Cart_Session->get_cart_from_session()
#1 /home/675386.cloudwaysapps.com/qvbwwywcgw/public_html/wp-content/plugins/beeketing-for-woocommerce/src/Platforms/WooCommerce/Data/CartManager.php(61): WC_Cart->get_cart()
#2 /home/675386.cloudwaysapps.com/qvbwwywcgw/public_html/wp-content/plugins/beeketing-for-woocommerce/src/Platforms/WooCommerce/Plugin/Hooks.php(413): BeeketingConnect_beeketing_woocommerce\Platforms\WooCommerce\Data\CartManager->get(false)
#3 /home/675386.cloudwaysapps.com/qvbwwywcgw/public_html/wp-content/plugins/beeketing-for-woocommerce/src/Platforms/WooCommerce/Plugin/Hooks.php(389): BeeketingConnect_beeketing_woocommerce\Platforms\WooCommerce\Plugin\Hooks->getPageSnippet()
#4 /home/ in /home/675386.cloudwaysapps.com/qvbwwywcgw/public_html/wp-content/plugins/woocommerce/includes/class-wc-cart-session.php on line 73

2021-11-12T13:26:30+00:00 CRITICAL Uncaught Error: Call to a member function get() on null in /home/675386.cloudwaysapps.com/qvbwwywcgw/public_html/wp-content/plugins/woocommerce/includes/class-wc-cart-session.php:73
Stack trace:
#0 /home/675386.cloudwaysapps.com/qvbwwywcgw/public_html/wp-content/plugins/woocommerce/includes/class-wc-cart.php(602): WC_Cart_Session->get_cart_from_session()
#1 /home/675386.cloudwaysapps.com/qvbwwywcgw/public_html/wp-content/plugins/beeketing-for-woocommerce/src/Platforms/WooCommerce/Data/CartManager.php(61): WC_Cart->get_cart()
#2 /home/675386.cloudwaysapps.com/qvbwwywcgw/public_html/wp-content/plugins/beeketing-for-woocommerce/src/Platforms/WooCommerce/Plugin/Hooks.php(413): BeeketingConnect_beeketing_woocommerce\Platforms\WooCommerce\Data\CartManager->get(false)
#3 /home/675386.cloudwaysapps.com/qvbwwywcgw/public_html/wp-content/plugins/beeketing-for-woocommerce/src/Platforms/WooCommerce/Plugin/Hooks.php(389): BeeketingConnect_beeketing_woocommerce\Platforms\WooCommerce\Plugin\Hooks->getPageSnippet()
#4 /home/ in /home/675386.cloudwaysapps.com/qvbwwywcgw/public_html/wp-content/plugins/woocommerce/includes/class-wc-cart-session.php on line 73

2021-11-12T13:26:32+00:00 CRITICAL Uncaught Error: Call to a member function get() on null in /home/675386.cloudwaysapps.com/qvbwwywcgw/public_html/wp-content/plugins/woocommerce/includes/class-wc-cart-session.php:73
Stack trace:
#0 /home/675386.cloudwaysapps.com/qvbwwywcgw/public_html/wp-content/plugins/woocommerce/includes/class-wc-cart.php(602): WC_Cart_Session->get_cart_from_session()
#1 /home/675386.cloudwaysapps.com/qvbwwywcgw/public_html/wp-content/plugins/beeketing-for-woocommerce/src/Platforms/WooCommerce/Data/CartManager.php(61): WC_Cart->get_cart()
#2 /home/675386.cloudwaysapps.com/qvbwwywcgw/public_html/wp-content/plugins/beeketing-for-woocommerce/src/Platforms/WooCommerce/Plugin/Hooks.php(413): BeeketingConnect_beeketing_woocommerce\Platforms\WooCommerce\Data\CartManager->get(false)
#3 /home/675386.cloudwaysapps.com/qvbwwywcgw/public_html/wp-content/plugins/beeketing-for-woocommerce/src/Platforms/WooCommerce/Plugin/Hooks.php(389): BeeketingConnect_beeketing_woocommerce\Platforms\WooCommerce\Plugin\Hooks->getPageSnippet()
#4 /home/ in /home/675386.cloudwaysapps.com/qvbwwywcgw/public_html/wp-content/plugins/woocommerce/includes/class-wc-cart-session.php on line 73

2021-11-12T13:26:38+00:00 CRITICAL Uncaught Error: Call to a member function get() on null in /home/675386.cloudwaysapps.com/qvbwwywcgw/public_html/wp-content/plugins/woocommerce/includes/class-wc-cart-session.php:73
Stack trace:
#0 /home/675386.cloudwaysapps.com/qvbwwywcgw/public_html/wp-content/plugins/woocommerce/includes/class-wc-cart.php(602): WC_Cart_Session->get_cart_from_session()
#1 /home/675386.cloudwaysapps.com/qvbwwywcgw/public_html/wp-content/plugins/beeketing-for-woocommerce/src/Platforms/WooCommerce/Data/CartManager.php(61): WC_Cart->get_cart()
#2 /home/675386.cloudwaysapps.com/qvbwwywcgw/public_html/wp-content/plugins/beeketing-for-woocommerce/src/Platforms/WooCommerce/Plugin/Hooks.php(413): BeeketingConnect_beeketing_woocommerce\Platforms\WooCommerce\Data\CartManager->get(false)
#3 /home/675386.cloudwaysapps.com/qvbwwywcgw/public_html/wp-content/plugins/beeketing-for-woocommerce/src/Platforms/WooCommerce/Plugin/Hooks.php(389): BeeketingConnect_beeketing_woocommerce\Platforms\WooCommerce\Plugin\Hooks->getPageSnippet()
#4 /home/ in /home/675386.cloudwaysapps.com/qvbwwywcgw/public_html/wp-content/plugins/woocommerce/includes/class-wc-cart-session.php on line 73

2021-11-12T13:27:01+00:00 CRITICAL Uncaught Error: Call to a member function get() on null in /home/675386.cloudwaysapps.com/qvbwwywcgw/public_html/wp-content/plugins/woocommerce/includes/class-wc-cart-session.php:73
Stack trace:
#0 /home/675386.cloudwaysapps.com/qvbwwywcgw/public_html/wp-content/plugins/woocommerce/includes/class-wc-cart.php(602): WC_Cart_Session->get_cart_from_session()
#1 /home/675386.cloudwaysapps.com/qvbwwywcgw/public_html/wp-content/plugins/beeketing-for-woocommerce/src/Platforms/WooCommerce/Data/CartManager.php(61): WC_Cart->get_cart()
#2 /home/675386.cloudwaysapps.com/qvbwwywcgw/public_html/wp-content/plugins/beeketing-for-woocommerce/src/Platforms/WooCommerce/Plugin/Hooks.php(413): BeeketingConnect_beeketing_woocommerce\Platforms\WooCommerce\Data\CartManager->get(false)
#3 /home/675386.cloudwaysapps.com/qvbwwywcgw/public_html/wp-content/plugins/beeketing-for-woocommerce/src/Platforms/WooCommerce/Plugin/Hooks.php(389): BeeketingConnect_beeketing_woocommerce\Platforms\WooCommerce\Plugin\Hooks->getPageSnippet()
#4 /home/ in /home/675386.cloudwaysapps.com/qvbwwywcgw/public_html/wp-content/plugins/woocommerce/includes/class-wc-cart-session.php on line 73

